(2016: 2: 5:17:26) - ####(!)GameServer(snoopy81-elvine) for NoobGM is not registered.####
(2016: 2: 5:17:26) - ####(!)GameServer(snoopy81-elvine) for NoobGM is not registered.####
(2016: 2: 5:17:27) - ####(!)GameServer(snoopy81-elvine) for NoobGM is not registered.####
(2016: 2: 5:17:27) - ####(!)GameServer(snoopy81-elvine) for NoobGM is not registered.####
(2016: 2: 5:17:27) - ####(!)GameServer(snoopy81-elvine) for NoobGM is not registered.####
(2016: 2: 5:17:28) - ####(!)GameServer(snoopy81-elvine) for NoobGM is not registered.####
(2016: 2: 5:20:56) - ####(!)GameServer(snoopy81-resurr2) for NoobGM is not registered.####
(2016: 2: 5:20:56) - ####(!)GameServer(snoopy81-resurr2) for NoobGM is not registered.####
(2016: 2: 7:23:47) - ####(!)GameServer(snoopy81-resurr2) for NoobGM is not registered.####
(2016: 2: 7:23:47) - ####(!)GameServer(snoopy81-resurr2) for NoobGM is not registered.####
(2016: 2: 7:23:48) - ####(!)GameServer(snoopy81-resurr2) for NoobGM is not registered.####
(2016: 2: 7:23:48) - ####(!)GameServer(snoopy81-resurr2) for NoobGM is not registered.####
(2016: 2: 7:23:50) - ####(!)GameServer(snoopy81-resurr2) for NoobGM is not registered.####
(2016: 2: 7:23:50) - ####(!)GameServer(snoopy81-resurr2) for NoobGM is not registered.####
(2016: 2: 7:23:50) - ####(!)GameServer(snoopy81-resurr2) for NoobGM is not registered.####
(2016: 2: 7:23:50) - ####(!)GameServer(snoopy81-resurr2) for NoobGM is not registered.####
(2016: 2: 7:23:52) - ####(!)GameServer(snoopy81-resurr2) for NoobGM is not registered.####
(2016: 2: 7:23:52) - ####(!)GameServer(snoopy81-resurr2) for NoobGM is not registered.####
(2016: 2: 8: 0:34) - ####(!)GameServer(snoopy81-resurr2) for NoobGM is not registered.####
(2016: 2: 8: 0:34) - ####(!)GameServer(snoopy81-resurr2) for NoobGM is not registered.####
(2016: 2: 8: 0:37) - ####(!)GameServer(snoopy81-resurr2) for NoobGM is not registered.####
(2016: 2: 8: 0:37) - ####(!)GameServer(snoopy81-resurr2) for NoobGM is not registered.####
(2016: 2: 8: 0:56) - ####(!)GameServer(snoopy81-gshop_3) for NoobGM is not registered.####
(2016: 2: 8: 0:56) - ####(!)GameServer(snoopy81-gshop_3) for NoobGM is not registered.####
(2016: 2: 8: 0:57) - ####(!)GameServer(snoopy81-gshop_3) for NoobGM is not registered.####
(2016: 2: 8: 0:57) - ####(!)GameServer(snoopy81-gshop_3) for NoobGM is not registered.####
(2016: 2: 8: 3:19) - ####(!)GameServer(snoopy81-toh3) for Sonkun is not registered.####
(2016: 2: 8: 3:27) - ####(!)GameServer(snoopy81-toh3) for Sonkun is not registered.####
(2016: 2: 8: 4:31) - ####(!)GameServer(snoopy81-toh3) for Zhaos is not registered.####
(2016: 2: 8: 4:31) - ####(!)GameServer(snoopy81-toh3) for Zhaos is not registered.####
(2016: 2: 8: 4:35) - ####(!)GameServer(snoopy81-toh3) for Zhaos is not registered.####
(2016: 2: 8: 4:37) - ####(!)GameServer(snoopy81-toh3) for Zhaos is not registered.####
(2016: 2: 8: 4:37) - ####(!)GameServer(snoopy81-toh3) for Zhaos is not registered.####
